#
# There is insufficient memory for the Java Runtime Environment to continue.
# Native memory allocation (malloc) failed to allocate 1238736 bytes for Chunk::new
# Possible reasons:
#   The system is out of physical RAM or swap space
#   The process is running with CompressedOops enabled, and the Java Heap may be blocking the growth of the native heap
# Possible solutions:
#   Reduce memory load on the system
#   Increase physical memory or swap space
#   Check if swap backing store is full
#   Decrease Java heap size (-Xmx/-Xms)
#   Decrease number of Java threads
#   Decrease Java thread stack sizes (-Xss)
#   Set larger code cache with -XX:ReservedCodeCacheSize=
#   JVM is running with Unscaled Compressed Oops mode in which the Java heap is
#     placed in the first 4GB address space. The Java Heap base address is the
#     maximum limit for the native heap growth. Please use -XX:HeapBaseMinAddress
#     to set the Java Heap base and to place the Java Heap above 4GB virtual address.
# This output file may be truncated or incomplete.
#
#  Out of Memory Error (arena.cpp:189), pid=27336, tid=6212
#
# JRE version: OpenJDK Runtime Environment (17.0.6) (build 17.0.6+0-b2043.56-9586694)
# Java VM: OpenJDK 64-Bit Server VM (17.0.6+0-b2043.56-9586694, mixed mode, tiered, compressed oops, compressed class ptrs, g1 gc, windows-amd64)
# No core dump will be written. Minidumps are not enabled by default on client versions of Windows
#

---------------  S U M M A R Y ------------

Command Line: --add-opens=java.base/java.util=ALL-UNNAMED --add-opens=java.base/java.lang=ALL-UNNAMED --add-opens=java.base/java.lang.invoke=ALL-UNNAMED --add-opens=java.prefs/java.util.prefs=ALL-UNNAMED --add-opens=java.base/java.nio.charset=ALL-UNNAMED --add-opens=java.base/java.net=ALL-UNNAMED --add-opens=java.base/java.util.concurrent.atomic=ALL-UNNAMED -Xmx2048m -Dfile.encoding=UTF-8 -Duser.country=UA -Duser.language=uk -Duser.variant org.gradle.launcher.daemon.bootstrap.GradleDaemon 8.0

Host: Intel(R) Core(TM) i5-8250U CPU @ 1.60GHz, 8 cores, 15G,  Windows 10 , 64 bit Build 19041 (10.0.19041.3393)
Time: Sat Sep 30 19:11:28 2023  Windows 10 , 64 bit Build 19041 (10.0.19041.3393) elapsed time: 7.032764 seconds (0d 0h 0m 7s)

---------------  T H R E A D  ---------------

Current thread (0x0000025afd496d20):  JavaThread "C2 CompilerThread0" daemon [_thread_in_native, id=6212, stack(0x000000b9f9200000,0x000000b9f9300000)]


Current CompileTask:
C2:   7032 2738   !   4       java.lang.reflect.Executable::declaredAnnotations (85 bytes)

Stack: [0x000000b9f9200000,0x000000b9f9300000]
Native frames: (J=compiled Java code, j=interpreted, Vv=VM code, C=native code)
V  [jvm.dll+0x683b4a]
V  [jvm.dll+0x842654]
V  [jvm.dll+0x843dfe]
V  [jvm.dll+0x844463]
V  [jvm.dll+0x249b75]
V  [jvm.dll+0xabcac]
V  [jvm.dll+0xac27c]
V  [jvm.dll+0x368802]
V  [jvm.dll+0x332f31]
V  [jvm.dll+0x3323da]
V  [jvm.dll+0x21c201]
V  [jvm.dll+0x21b621]
V  [jvm.dll+0x1a4fdd]
V  [jvm.dll+0x22b098]
V  [jvm.dll+0x229159]
V  [jvm.dll+0x7f809c]
V  [jvm.dll+0x7f25fa]
V  [jvm.dll+0x682985]
C  [ucrtbase.dll+0x21bb2]
C  [KERNEL32.DLL+0x17344]
C  [ntdll.dll+0x526b1]


---------------  P R O C E S S  ---------------

Threads class SMR info:
_java_thread_list=0x0000025afefc6290, length=37, elements={
0x0000025ae2d0b5b0, 0x0000025afd469250, 0x0000025afd46ade0, 0x0000025afd491140,
0x0000025afd491a00, 0x0000025afd4922c0, 0x0000025afd492b80, 0x0000025afd496d20,
0x0000025afd49f6e0, 0x0000025afd4a1ff0, 0x0000025afd6157f0, 0x0000025afd617d30,
0x0000025aff052400, 0x0000025a808d02c0, 0x0000025a80aaba60, 0x0000025afef9f7a0,
0x0000025a812aebe0, 0x0000025a812af0b0, 0x0000025a80c21030, 0x0000025a801334d0,
0x0000025a801364f0, 0x0000025a80134ce0, 0x0000025a80136020, 0x0000025a80135b50,
0x0000025a801369c0, 0x0000025a80133000, 0x0000025a801339a0, 0x0000025a80134340,
0x0000025a80134810, 0x0000025a80135680, 0x0000025a80206a50, 0x0000025a802078c0,
0x0000025a80208730, 0x0000025afdfd1bf0, 0x0000025afdfd11d0, 0x0000025a8020c0f0,
0x0000025a802048a0
}

Java Threads: ( => current thread )
  0x0000025ae2d0b5b0 JavaThread "main" [_thread_blocked, id=25380, stack(0x000000b9f8500000,0x000000b9f8600000)]
  0x0000025afd469250 JavaThread "Reference Handler" daemon [_thread_blocked, id=28700, stack(0x000000b9f8c00000,0x000000b9f8d00000)]
  0x0000025afd46ade0 JavaThread "Finalizer" daemon [_thread_blocked, id=6120, stack(0x000000b9f8d00000,0x000000b9f8e00000)]
  0x0000025afd491140 JavaThread "Signal Dispatcher" daemon [_thread_blocked, id=15992, stack(0x000000b9f8e00000,0x000000b9f8f00000)]
  0x0000025afd491a00 JavaThread "Attach Listener" daemon [_thread_blocked, id=14000, stack(0x000000b9f8f00000,0x000000b9f9000000)]
  0x0000025afd4922c0 JavaThread "Service Thread" daemon [_thread_blocked, id=24272, stack(0x000000b9f9000000,0x000000b9f9100000)]
  0x0000025afd492b80 JavaThread "Monitor Deflation Thread" daemon [_thread_blocked, id=12612, stack(0x000000b9f9100000,0x000000b9f9200000)]
=>0x0000025afd496d20 JavaThread "C2 CompilerThread0" daemon [_thread_in_native, id=6212, stack(0x000000b9f9200000,0x000000b9f9300000)]
  0x0000025afd49f6e0 JavaThread "C1 CompilerThread0" daemon [_thread_blocked, id=20788, stack(0x000000b9f9300000,0x000000b9f9400000)]
  0x0000025afd4a1ff0 JavaThread "Sweeper thread" daemon [_thread_blocked, id=16380, stack(0x000000b9f9400000,0x000000b9f9500000)]
  0x0000025afd6157f0 JavaThread "Common-Cleaner" daemon [_thread_blocked, id=27180, stack(0x000000b9f9500000,0x000000b9f9600000)]
  0x0000025afd617d30 JavaThread "Notification Thread" daemon [_thread_blocked, id=14240, stack(0x000000b9f9600000,0x000000b9f9700000)]
  0x0000025aff052400 JavaThread "Daemon health stats" [_thread_blocked, id=23656, stack(0x000000b9f9f00000,0x000000b9fa000000)]
  0x0000025a808d02c0 JavaThread "Incoming local TCP Connector on port 52903" [_thread_in_native, id=13188, stack(0x000000b9fa000000,0x000000b9fa100000)]
  0x0000025a80aaba60 JavaThread "Daemon periodic checks" [_thread_blocked, id=24340, stack(0x000000b9fa100000,0x000000b9fa200000)]
  0x0000025afef9f7a0 JavaThread "Daemon" [_thread_blocked, id=8372, stack(0x000000b9fa200000,0x000000b9fa300000)]
  0x0000025a812aebe0 JavaThread "Handler for socket connection from /127.0.0.1:52903 to /127.0.0.1:52904" [_thread_in_native, id=26376, stack(0x000000b9fa300000,0x000000b9fa400000)]
  0x0000025a812af0b0 JavaThread "Cancel handler" [_thread_blocked, id=23912, stack(0x000000b9fa400000,0x000000b9fa500000)]
  0x0000025a80c21030 JavaThread "Daemon worker" [_thread_in_vm, id=27616, stack(0x000000b9fa500000,0x000000b9fa600000)]
  0x0000025a801334d0 JavaThread "Asynchronous log dispatcher for DefaultDaemonConnection: socket connection from /127.0.0.1:52903 to /127.0.0.1:52904" [_thread_blocked, id=7172, stack(0x000000b9fa600000,0x000000b9fa700000)]
  0x0000025a801364f0 JavaThread "Stdin handler" [_thread_blocked, id=11088, stack(0x000000b9fa700000,0x000000b9fa800000)]
  0x0000025a80134ce0 JavaThread "Daemon client event forwarder" [_thread_blocked, id=13780, stack(0x000000b9fa800000,0x000000b9fa900000)]
  0x0000025a80136020 JavaThread "Cache worker for journal cache (C:\Users\user\.gradle\caches\journal-1)" [_thread_blocked, id=24552, stack(0x000000b9fac00000,0x000000b9fad00000)]
  0x0000025a80135b50 JavaThread "File lock request listener" [_thread_in_native, id=4020, stack(0x000000b9fad00000,0x000000b9fae00000)]
  0x0000025a801369c0 JavaThread "Cache worker for file hash cache (C:\Users\user\.gradle\caches\8.0\fileHashes)" [_thread_blocked, id=3140, stack(0x000000b9fae00000,0x000000b9faf00000)]
  0x0000025a80133000 JavaThread "File watcher server" daemon [_thread_in_native, id=20376, stack(0x000000b9f9800000,0x000000b9f9900000)]
  0x0000025a801339a0 JavaThread "File watcher consumer" daemon [_thread_blocked, id=15808, stack(0x000000b9f9e00000,0x000000b9f9f00000)]
  0x0000025a80134340 JavaThread "Cache worker for checksums cache (C:\Users\user\AndroidStudioProjects_2\HeroCoroutines\.gradle\8.0\checksums)" [_thread_blocked, id=27272, stack(0x000000b9faf00000,0x000000b9fb000000)]
  0x0000025a80134810 JavaThread "Cache worker for cache directory md-rule (C:\Users\user\.gradle\caches\8.0\md-rule)" [_thread_blocked, id=23684, stack(0x000000b9fb000000,0x000000b9fb100000)]
  0x0000025a80135680 JavaThread "Cache worker for file content cache (C:\Users\user\.gradle\caches\8.0\fileContent)" [_thread_blocked, id=24388, stack(0x000000b9fb200000,0x000000b9fb300000)]
  0x0000025a80206a50 JavaThread "Cache worker for file hash cache (C:\Users\user\AndroidStudioProjects_2\HeroCoroutines\.gradle\8.0\fileHashes)" [_thread_blocked, id=16760, stack(0x000000b9fb300000,0x000000b9fb400000)]
  0x0000025a802078c0 JavaThread "Cache worker for cache directory md-supplier (C:\Users\user\.gradle\caches\8.0\md-supplier)" [_thread_blocked, id=17228, stack(0x000000b9fb400000,0x000000b9fb500000)]
  0x0000025a80208730 JavaThread "Cache worker for execution history cache (C:\Users\user\.gradle\caches\8.0\executionHistory)" [_thread_blocked, id=19592, stack(0x000000b9fb100000,0x000000b9fb200000)]
  0x0000025afdfd1bf0 JavaThread "C2 CompilerThread1" daemon [_thread_in_native, id=22608, stack(0x000000b9fb500000,0x000000b9fb600000)]
  0x0000025afdfd11d0 JavaThread "C2 CompilerThread2" daemon [_thread_in_native, id=13872, stack(0x000000b9fb600000,0x000000b9fb700000)]
  0x0000025a8020c0f0 JavaThread "jar transforms" [_thread_blocked, id=12528, stack(0x000000b9fb700000,0x000000b9fb800000)]
  0x0000025a802048a0 JavaThread "jar transforms Thread 2" [_thread_blocked, id=5796, stack(0x000000b9fb800000,0x000000b9fb900000)]

Other Threads:
  0x0000025afd447c60 VMThread "VM Thread" [stack: 0x000000b9f8b00000,0x000000b9f8c00000] [id=18848]
  0x0000025ae2d8b1d0 WatcherThread [stack: 0x000000b9f9700000,0x000000b9f9800000] [id=10400]
  0x0000025ae2d6a520 GCTaskThread "GC Thread#0" [stack: 0x000000b9f8600000,0x000000b9f8700000] [id=27756]
  0x0000025afd9e4ff0 GCTaskThread "GC Thread#1" [stack: 0x000000b9f9900000,0x000000b9f9a00000] [id=29260]
  0x0000025afdf448b0 GCTaskThread "GC Thread#2" [stack: 0x000000b9f9a00000,0x000000b9f9b00000] [id=6788]
  0x0000025afdf44b60 GCTaskThread "GC Thread#3" [stack: 0x000000b9f9b00000,0x000000b9f9c00000] [id=28072]
  0x0000025afdf44e10 GCTaskThread "GC Thread#4" [stack: 0x000000b9f9c00000,0x000000b9f9d00000] [id=27016]
  0x0000025afe22cae0 GCTaskThread "GC Thread#5" [stack: 0x000000b9f9d00000,0x000000b9f9e00000] [id=20780]
  0x0000025a8025cd90 GCTaskThread "GC Thread#6" [stack: 0x000000b9fa900000,0x000000b9faa00000] [id=26848]
  0x0000025a8025c2d0 GCTaskThread "GC Thread#7" [stack: 0x000000b9faa00000,0x000000b9fab00000] [id=23548]
  0x0000025ae2d7b270 ConcurrentGCThread "G1 Main Marker" [stack: 0x000000b9f8700000,0x000000b9f8800000] [id=9300]
  0x0000025ae2d7c230 ConcurrentGCThread "G1 Conc#0" [stack: 0x000000b9f8800000,0x000000b9f8900000] [id=19272]
  0x0000025a8025c830 ConcurrentGCThread "G1 Conc#1" [stack: 0x000000b9fab00000,0x000000b9fac00000] [id=11332]
  0x0000025ae2ddd8e0 ConcurrentGCThread "G1 Refine#0" [stack: 0x000000b9f8900000,0x000000b9f8a00000] [id=23192]
  0x0000025afca2c310 ConcurrentGCThread "G1 Service" [stack: 0x000000b9f8a00000,0x000000b9f8b00000] [id=25152]

Threads with active compile tasks:
C2 CompilerThread0     7066 2738   !   4       java.lang.reflect.Executable::declaredAnnotations (85 bytes)
C2 CompilerThread1     7066 2728       4       java.lang.invoke.MethodType::makeImpl (109 bytes)
C2 CompilerThread2     7066 2862   !   4       java.util.zip.ZipFile::getInputStream (275 bytes)

VM state: not at safepoint (normal execution)

VM Mutex/Monitor currently owned by a thread: None

Heap address: 0x0000000080000000, size: 2048 MB, Compressed Oops mode: 32-bit

CDS archive(s) not mapped
Compressed class space mapped at: 0x0000000100000000-0x0000000140000000, reserved size: 1073741824
Narrow klass base: 0x0000000000000000, Narrow klass shift: 3, Narrow klass range: 0x140000000

GC Precious Log:
 CPUs: 8 total, 8 available
 Memory: 16280M
 Large Page Support: Disabled
 NUMA Support: Disabled
 Compressed Oops: Enabled (32-bit)
 Heap Region Size: 1M
 Heap Min Capacity: 8M
 Heap Initial Capacity: 256M
 Heap Max Capacity: 2G
 Pre-touch: Disabled
 Parallel Workers: 8
 Concurrent Workers: 2
 Concurrent Refinement Workers: 8
 Periodic GC: Disabled

Heap:
 garbage-first heap   total 68608K, used 46902K [0x0000000080000000, 0x0000000100000000)
  region size 1024K, 29 young (29696K), 4 survivors (4096K)
 Metaspace       used 34490K, committed 34880K, reserved 1081344K
  class space    used 4768K, committed 4928K, reserved 1048576K

Heap Regions: E=young(eden), S=young(survivor), O=old, HS=humongous(starts), HC=humongous(continues), CS=collection set, F=free, OA=open archive, CA=closed archive, TAMS=top-at-mark-start (previous, next)
|   0|0x0000000080000000, 0x0000000080100000, 0x0000000080100000|100%|HS|  |TAMS 0x0000000080100000, 0x0000000080000000| Complete 
|   1|0x0000000080100000, 0x0000000080200000, 0x0000000080200000|100%|HC|  |TAMS 0x0000000080200000, 0x0000000080100000| Complete 
|   2|0x0000000080200000, 0x0000000080300000, 0x0000000080300000|100%|HC|  |TAMS 0x0000000080300000, 0x0000000080200000| Complete 
|   3|0x0000000080300000, 0x0000000080400000, 0x0000000080400000|100%|HC|  |TAMS 0x0000000080400000, 0x0000000080300000| Complete 
|   4|0x0000000080400000, 0x0000000080500000, 0x0000000080500000|100%| O|  |TAMS 0x0000000080500000, 0x0000000080400000| Untracked 
|   5|0x0000000080500000, 0x0000000080600000, 0x0000000080600000|100%| O|  |TAMS 0x0000000080600000, 0x0000000080500000| Untracked 
|   6|0x0000000080600000, 0x0000000080700000, 0x0000000080700000|100%| O|  |TAMS 0x0000000080700000, 0x0000000080600000| Untracked 
|   7|0x0000000080700000, 0x0000000080800000, 0x0000000080800000|100%| O|  |TAMS 0x0000000080800000, 0x0000000080700000| Untracked 
|   8|0x0000000080800000, 0x0000000080900000, 0x0000000080900000|100%| O|  |TAMS 0x0000000080800000, 0x0000000080800000| Untracked 
|   9|0x0000000080900000, 0x0000000080a00000, 0x0000000080a00000|100%| O|  |TAMS 0x0000000080a00000, 0x0000000080900000| Untracked 
|  10|0x0000000080a00000, 0x0000000080b00000, 0x0000000080b00000|100%| O|  |TAMS 0x0000000080b00000, 0x0000000080a00000| Untracked 
|  11|0x0000000080b00000, 0x0000000080b93200, 0x0000000080c00000| 57%| O|  |TAMS 0x0000000080b93200, 0x0000000080b00000| Untracked 
|  12|0x0000000080c00000, 0x0000000080d00000, 0x0000000080d00000|100%| O|  |TAMS 0x0000000080c00000, 0x0000000080c00000| Untracked 
|  13|0x0000000080d00000, 0x0000000080e00000, 0x0000000080e00000|100%| O|  |TAMS 0x0000000080d00000, 0x0000000080d00000| Untracked 
|  14|0x0000000080e00000, 0x0000000080f00000, 0x0000000080f00000|100%| O|  |TAMS 0x0000000080e00000, 0x0000000080e00000| Untracked 
|  15|0x0000000080f00000, 0x0000000081000000, 0x0000000081000000|100%| O|  |TAMS 0x0000000080f00000, 0x0000000080f00000| Untracked 
|  16|0x0000000081000000, 0x0000000081100000, 0x0000000081100000|100%| O|  |TAMS 0x0000000081000000, 0x0000000081000000| Untracked 
|  17|0x0000000081100000, 0x0000000081200000, 0x0000000081200000|100%| O|  |TAMS 0x0000000081100000, 0x0000000081100000| Untracked 
|  18|0x0000000081200000, 0x000000008129f000, 0x0000000081300000| 62%| O|  |TAMS 0x0000000081200000, 0x0000000081200000| Untracked 
|  19|0x0000000081300000, 0x0000000081300000, 0x0000000081400000|  0%| F|  |TAMS 0x0000000081300000, 0x0000000081300000| Untracked 
|  20|0x0000000081400000, 0x0000000081400000, 0x0000000081500000|  0%| F|  |TAMS 0x0000000081400000, 0x0000000081400000| Untracked 
|  21|0x0000000081500000, 0x0000000081500000, 0x0000000081600000|  0%| F|  |TAMS 0x0000000081500000, 0x0000000081500000| Untracked 
|  22|0x0000000081600000, 0x0000000081600000, 0x0000000081700000|  0%| F|  |TAMS 0x0000000081600000, 0x0000000081600000| Untracked 
|  23|0x0000000081700000, 0x0000000081700000, 0x0000000081800000|  0%| F|  |TAMS 0x0000000081700000, 0x0000000081700000| Untracked 
|  24|0x0000000081800000, 0x0000000081800000, 0x0000000081900000|  0%| F|  |TAMS 0x0000000081800000, 0x0000000081800000| Untracked 
|  25|0x0000000081900000, 0x0000000081900000, 0x0000000081a00000|  0%| F|  |TAMS 0x0000000081900000, 0x0000000081900000| Untracked 
|  26|0x0000000081a00000, 0x0000000081a00000, 0x0000000081b00000|  0%| F|  |TAMS 0x0000000081a00000, 0x0000000081a00000| Untracked 
|  27|0x0000000081b00000, 0x0000000081b00000, 0x0000000081c00000|  0%| F|  |TAMS 0x0000000081b00000, 0x0000000081b00000| Untracked 
|  28|0x0000000081c00000, 0x0000000081c00000, 0x0000000081d00000|  0%| F|  |TAMS 0x0000000081c00000, 0x0000000081c00000| Untracked 
|  29|0x0000000081d00000, 0x0000000081d00000, 0x0000000081e00000|  0%| F|  |TAMS 0x0000000081d00000, 0x0000000081d00000| Untracked 
|  30|0x0000000081e00000, 0x0000000081e00000, 0x0000000081f00000|  0%| F|  |TAMS 0x0000000081e00000, 0x0000000081e00000| Untracked 
|  31|0x0000000081f00000, 0x0000000081f00000, 0x0000000082000000|  0%| F|  |TAMS 0x0000000081f00000, 0x0000000081f00000| Untracked 
|  32|0x0000000082000000, 0x0000000082000000, 0x0000000082100000|  0%| F|  |TAMS 0x0000000082000000, 0x0000000082000000| Untracked 
|  33|0x0000000082100000, 0x0000000082100000, 0x0000000082200000|  0%| F|  |TAMS 0x0000000082100000, 0x0000000082100000| Untracked 
|  34|0x0000000082200000, 0x0000000082200000, 0x0000000082300000|  0%| F|  |TAMS 0x0000000082200000, 0x0000000082200000| Untracked 
|  35|0x0000000082300000, 0x0000000082300000, 0x0000000082400000|  0%| F|  |TAMS 0x0000000082300000, 0x0000000082300000| Untracked 
|  36|0x0000000082400000, 0x0000000082400000, 0x0000000082500000|  0%| F|  |TAMS 0x0000000082400000, 0x0000000082400000| Untracked 
|  37|0x0000000082500000, 0x0000000082500000, 0x0000000082600000|  0%| F|  |TAMS 0x0000000082500000, 0x0000000082500000| Untracked 
|  38|0x0000000082600000, 0x000000008269b8c0, 0x0000000082700000| 60%| S|CS|TAMS 0x0000000082600000, 0x0000000082600000| Complete 
|  39|0x0000000082700000, 0x0000000082800000, 0x0000000082800000|100%| S|CS|TAMS 0x0000000082700000, 0x0000000082700000| Complete 
|  40|0x0000000082800000, 0x0000000082900000, 0x0000000082900000|100%| S|CS|TAMS 0x0000000082800000, 0x0000000082800000| Complete 
|  41|0x0000000082900000, 0x0000000082a00000, 0x0000000082a00000|100%| S|CS|TAMS 0x0000000082900000, 0x0000000082900000| Complete 
|  42|0x0000000082a00000, 0x0000000082a5e5d8, 0x0000000082b00000| 36%| E|  |TAMS 0x0000000082a00000, 0x0000000082a00000| Complete 
|  43|0x0000000082b00000, 0x0000000082c00000, 0x0000000082c00000|100%| E|CS|TAMS 0x0000000082b00000, 0x0000000082b00000| Complete 
|  44|0x0000000082c00000, 0x0000000082d00000, 0x0000000082d00000|100%| E|CS|TAMS 0x0000000082c00000, 0x0000000082c00000| Complete 
|  45|0x0000000082d00000, 0x0000000082e00000, 0x0000000082e00000|100%| E|CS|TAMS 0x0000000082d00000, 0x0000000082d00000| Complete 
|  46|0x0000000082e00000, 0x0000000082f00000, 0x0000000082f00000|100%| E|CS|TAMS 0x0000000082e00000, 0x0000000082e00000| Complete 
|  47|0x0000000082f00000, 0x0000000083000000, 0x0000000083000000|100%| E|CS|TAMS 0x0000000082f00000, 0x0000000082f00000| Complete 
|  48|0x0000000083000000, 0x0000000083100000, 0x0000000083100000|100%| E|CS|TAMS 0x0000000083000000, 0x0000000083000000| Complete 
|  49|0x0000000083100000, 0x0000000083200000, 0x0000000083200000|100%| E|CS|TAMS 0x0000000083100000, 0x0000000083100000| Complete 
|  50|0x0000000083200000, 0x0000000083300000, 0x0000000083300000|100%| E|CS|TAMS 0x0000000083200000, 0x0000000083200000| Complete 
|  51|0x0000000083300000, 0x0000000083400000, 0x0000000083400000|100%| E|CS|TAMS 0x0000000083300000, 0x0000000083300000| Complete 
|  52|0x0000000083400000, 0x0000000083500000, 0x0000000083500000|100%| E|CS|TAMS 0x0000000083400000, 0x0000000083400000| Complete 
|  53|0x0000000083500000, 0x0000000083600000, 0x0000000083600000|100%| E|CS|TAMS 0x0000000083500000, 0x0000000083500000| Complete 
|  54|0x0000000083600000, 0x0000000083700000, 0x0000000083700000|100%| E|CS|TAMS 0x0000000083600000, 0x0000000083600000| Complete 
|  55|0x0000000083700000, 0x0000000083800000, 0x0000000083800000|100%| E|CS|TAMS 0x0000000083700000, 0x0000000083700000| Complete 
|  56|0x0000000083800000, 0x0000000083900000, 0x0000000083900000|100%| E|CS|TAMS 0x0000000083800000, 0x0000000083800000| Complete 
|  57|0x0000000083900000, 0x0000000083a00000, 0x0000000083a00000|100%| E|CS|TAMS 0x0000000083900000, 0x0000000083900000| Complete 
| 207|0x000000008cf00000, 0x000000008d000000, 0x000000008d000000|100%| E|CS|TAMS 0x000000008cf00000, 0x000000008cf00000| Complete 
| 208|0x000000008d000000, 0x000000008d100000, 0x000000008d100000|100%| E|CS|TAMS 0x000000008d000000, 0x000000008d000000| Complete 
| 209|0x000000008d100000, 0x000000008d200000, 0x000000008d200000|100%| E|CS|TAMS 0x000000008d100000, 0x000000008d100000| Complete 
| 210|0x000000008d200000, 0x000000008d300000, 0x000000008d300000|100%| E|CS|TAMS 0x000000008d200000, 0x000000008d200000| Complete 
| 211|0x000000008d300000, 0x000000008d400000, 0x000000008d400000|100%| E|CS|TAMS 0x000000008d300000, 0x000000008d300000| Complete 
| 212|0x000000008d400000, 0x000000008d500000, 0x000000008d500000|100%| E|CS|TAMS 0x000000008d400000, 0x000000008d400000| Complete 
| 213|0x000000008d500000, 0x000000008d600000, 0x000000008d600000|100%| E|CS|TAMS 0x000000008d500000, 0x000000008d500000| Complete 
| 214|0x000000008d600000, 0x000000008d700000, 0x000000008d700000|100%| E|CS|TAMS 0x000000008d600000, 0x000000008d600000| Complete 
| 255|0x000000008ff00000, 0x0000000090000000, 0x0000000090000000|100%| E|CS|TAMS 0x000000008ff00000, 0x000000008ff00000| Complete 

Card table byte_map: [0x0000025af5910000,0x0000025af5d10000] _byte_map_base: 0x0000025af5510000

Marking Bits (Prev, Next): (CMBitMap*) 0x0000025ae2d6a980, (CMBitMap*) 0x0000025ae2d6a940
 Prev Bits: [0x0000025af8110000, 0x0000025afa110000)
 Next Bits: [0x0000025af6110000, 0x0000025af8110000)

Polling page: 0x0000025ae0cc0000

Metaspace:

Usage:
  Non-class:     29.06 MB used.
      Class:      4.66 MB used.
       Both:     33.73 MB used.

Virtual space:
  Non-class space:       32.00 MB reserved,      29.25 MB ( 91%) committed,  4 nodes.
      Class space:        1.00 GB reserved,       4.81 MB ( <1%) committed,  1 nodes.
             Both:        1.03 GB reserved,      34.06 MB (  3%) committed. 

Chunk freelists:
   Non-Class:  2.58 MB
       Class:  3.06 MB
        Both:  5.64 MB

MaxMetaspaceSize: unlimited
CompressedClassSpaceSize: 1.00 GB
Initial GC threshold: 21.00 MB
Current GC threshold: 35.12 MB
CDS: off
MetaspaceReclaimPolicy: balanced
 - commit_granule_bytes: 65536.
 - commit_granule_words: 8192.
 - virtual_space_node_default_size: 1048576.
 - enlarge_chunks_in_place: 1.
 - new_chunks_are_fully_committed: 0.
 - uncommit_free_chunks: 1.
 - use_allocation_guard: 0.
 - handle_deallocations: 1.


Internal statistics:

num_allocs_failed_limit: 3.
num_arena_births: 276.
num_arena_deaths: 0.
num_vsnodes_births: 5.
num_vsnodes_deaths: 0.
num_space_committed: 545.
num_space_uncommitted: 0.
num_chunks_returned_to_freelist: 3.
num_chunks_taken_from_freelist: 1258.
num_chunk_merges: 3.
num_chunk_splits: 826.
num_chunks_enlarged: 595.
num_purges: 0.
num_inconsistent_stats: 0.

CodeHeap 'non-profiled nmethods': size=120000Kb used=1643Kb max_used=1643Kb free=118356Kb
 bounds [0x0000025aedcb0000, 0x0000025aedf20000, 0x0000025af51e0000]
CodeHeap 'profiled nmethods': size=120000Kb used=5969Kb max_used=5969Kb free=114030Kb
 bounds [0x0000025ae61e0000, 0x0000025ae67c0000, 0x0000025aed710000]
CodeHeap 'non-nmethods': size=5760Kb used=1231Kb max_used=1296Kb free=4528Kb
 bounds [0x0000025aed710000, 0x0000025aed980000, 0x0000025aedcb0000]
 total_blobs=3400 nmethods=2859 adapters=453
 compilation: enabled
              stopped_count=0, restarted_count=0
 full_count=0

Compilation events (20 events):
Event: 7.001 Thread 0x0000025afdfd11d0 2830       4       java.io.DataInputStream::readFully (59 bytes)
Event: 7.003 Thread 0x0000025afdfd11d0 nmethod 2830 0x0000025aede44590 code [0x0000025aede44720, 0x0000025aede44878]
Event: 7.003 Thread 0x0000025afdfd11d0 2831  s    4       java.io.BufferedInputStream::read (113 bytes)
Event: 7.004 Thread 0x0000025afd49f6e0 nmethod 2826 0x0000025ae679fb10 code [0x0000025ae67a04a0, 0x0000025ae67a6228]
Event: 7.004 Thread 0x0000025afd49f6e0 2827   !   3       java.lang.invoke.MethodHandles$Lookup::revealDirect (196 bytes)
Event: 7.006 Thread 0x0000025afd49f6e0 nmethod 2827 0x0000025ae67a8090 code [0x0000025ae67a83e0, 0x0000025ae67a9768]
Event: 7.006 Thread 0x0000025afd49f6e0 2829       3       java.lang.invoke.InfoFromMemberName::<init> (72 bytes)
Event: 7.006 Thread 0x0000025afd49f6e0 nmethod 2829 0x0000025ae67a9e90 code [0x0000025ae67aa040, 0x0000025ae67aa218]
Event: 7.006 Thread 0x0000025afd49f6e0 2828       1       java.lang.invoke.DirectMethodHandle$Special::isInvokeSpecial (2 bytes)
Event: 7.006 Thread 0x0000025afd49f6e0 nmethod 2828 0x0000025aede44a10 code [0x0000025aede44ba0, 0x0000025aede44c78]
Event: 7.010 Thread 0x0000025afd49f6e0 2838       3       java.lang.invoke.LambdaMetafactory::metafactory (71 bytes)
Event: 7.011 Thread 0x0000025afd49f6e0 nmethod 2838 0x0000025ae67aa310 code [0x0000025ae67aa5a0, 0x0000025ae67ab0a8]
Event: 7.014 Thread 0x0000025afd49f6e0 2839       3       java.io.DataInputStream::readByte (23 bytes)
Event: 7.014 Thread 0x0000025afd49f6e0 nmethod 2839 0x0000025ae67ab590 code [0x0000025ae67ab740, 0x0000025ae67aba18]
Event: 7.017 Thread 0x0000025afd49f6e0 2841       3       java.lang.Class::protectionDomain (48 bytes)
Event: 7.018 Thread 0x0000025afd49f6e0 nmethod 2841 0x0000025ae67abb10 code [0x0000025ae67abd40, 0x0000025ae67ac3b8]
Event: 7.018 Thread 0x0000025afdfd11d0 nmethod 2831 0x0000025aede45190 code [0x0000025aede453a0, 0x0000025aede45f80]
Event: 7.019 Thread 0x0000025afdfd11d0 2837       4       java.lang.String$CaseInsensitiveComparator::compare (68 bytes)
Event: 7.031 Thread 0x0000025afdfd11d0 nmethod 2837 0x0000025aede46690 code [0x0000025aede46840, 0x0000025aede46ef8]
Event: 7.031 Thread 0x0000025afdfd11d0 2832       4       java.io.BufferedInputStream::read1 (108 bytes)

GC Heap History (10 events):
Event: 1.000 GC heap before
{Heap before GC invocations=0 (full 0):
 garbage-first heap   total 262144K, used 26624K [0x0000000080000000, 0x0000000100000000)
  region size 1024K, 23 young (23552K), 0 survivors (0K)
 Metaspace       used 10270K, committed 10432K, reserved 1064960K
  class space    used 1061K, committed 1152K, reserved 1048576K
}
Event: 1.004 GC heap after
{Heap after GC invocations=1 (full 0):
 garbage-first heap   total 262144K, used 10536K [0x0000000080000000, 0x0000000100000000)
  region size 1024K, 3 young (3072K), 3 survivors (3072K)
 Metaspace       used 10270K, committed 10432K, reserved 1064960K
  class space    used 1061K, committed 1152K, reserved 1048576K
}
Event: 1.407 GC heap before
{Heap before GC invocations=1 (full 0):
 garbage-first heap   total 262144K, used 41256K [0x0000000080000000, 0x0000000100000000)
  region size 1024K, 32 young (32768K), 3 survivors (3072K)
 Metaspace       used 11220K, committed 11456K, reserved 1064960K
  class space    used 1166K, committed 1280K, reserved 1048576K
}
Event: 1.412 GC heap after
{Heap after GC invocations=2 (full 0):
 garbage-first heap   total 262144K, used 14924K [0x0000000080000000, 0x0000000100000000)
  region size 1024K, 4 young (4096K), 4 survivors (4096K)
 Metaspace       used 11220K, committed 11456K, reserved 1064960K
  class space    used 1166K, committed 1280K, reserved 1048576K
}
Event: 2.566 GC heap before
{Heap before GC invocations=2 (full 0):
 garbage-first heap   total 262144K, used 51788K [0x0000000080000000, 0x0000000100000000)
  region size 1024K, 41 young (41984K), 4 survivors (4096K)
 Metaspace       used 21261K, committed 21504K, reserved 1073152K
  class space    used 2591K, committed 2752K, reserved 1048576K
}
Event: 2.573 GC heap after
{Heap after GC invocations=3 (full 0):
 garbage-first heap   total 262144K, used 18796K [0x0000000080000000, 0x0000000100000000)
  region size 1024K, 8 young (8192K), 8 survivors (8192K)
 Metaspace       used 21261K, committed 21504K, reserved 1073152K
  class space    used 2591K, committed 2752K, reserved 1048576K
}
Event: 3.417 GC heap before
{Heap before GC invocations=4 (full 0):
 garbage-first heap   total 68608K, used 51564K [0x0000000080000000, 0x0000000100000000)
  region size 1024K, 40 young (40960K), 8 survivors (8192K)
 Metaspace       used 26295K, committed 26560K, reserved 1073152K
  class space    used 3465K, committed 3584K, reserved 1048576K
}
Event: 3.425 GC heap after
{Heap after GC invocations=5 (full 0):
 garbage-first heap   total 68608K, used 20990K [0x0000000080000000, 0x0000000100000000)
  region size 1024K, 3 young (3072K), 3 survivors (3072K)
 Metaspace       used 26295K, committed 26560K, reserved 1073152K
  class space    used 3465K, committed 3584K, reserved 1048576K
}
Event: 6.562 GC heap before
{Heap before GC invocations=5 (full 0):
 garbage-first heap   total 68608K, used 46590K [0x0000000080000000, 0x0000000100000000)
  region size 1024K, 28 young (28672K), 3 survivors (3072K)
 Metaspace       used 30323K, committed 30592K, reserved 1081344K
  class space    used 4122K, committed 4224K, reserved 1048576K
}
Event: 6.565 GC heap after
{Heap after GC invocations=6 (full 0):
 garbage-first heap   total 68608K, used 22326K [0x0000000080000000, 0x0000000100000000)
  region size 1024K, 4 young (4096K), 4 survivors (4096K)
 Metaspace       used 30323K, committed 30592K, reserved 1081344K
  class space    used 4122K, committed 4224K, reserved 1048576K
}

Dll operation events (2 events):
Event: 0.010 Loaded shared library C:\Program Files\Android\Android Studio\jbr\bin\java.dll
Event: 0.589 Loaded shared library C:\Program Files\Android\Android Studio\jbr\bin\verify.dll

Deoptimization events (20 events):
Event: 6.968 Thread 0x0000025a80136020 Uncommon trap: trap_request=0xffffff45 fr.pc=0x0000025aedda024c relative=0x000000000000012c
Event: 6.968 Thread 0x0000025a80136020 Uncommon trap: reason=unstable_if action=reinterpret pc=0x0000025aedda024c method=java.util.concurrent.ConcurrentHashMap.addCount(JI)V @ 7 c2
Event: 6.968 Thread 0x0000025a80136020 DEOPT PACKING pc=0x0000025aedda024c sp=0x000000b9facfdc80
Event: 6.968 Thread 0x0000025a80136020 DEOPT UNPACKING pc=0x0000025aed7669a3 sp=0x000000b9facfdbe0 mode 2
Event: 7.025 Thread 0x0000025a80c21030 Uncommon trap: trap_request=0xffffff45 fr.pc=0x0000025aeddff3ac relative=0x0000000000005ccc
Event: 7.025 Thread 0x0000025a80c21030 Uncommon trap: reason=unstable_if action=reinterpret pc=0x0000025aeddff3ac method=java.net.URLClassLoader.defineClass(Ljava/lang/String;Ljdk/internal/loader/Resource;)Ljava/lang/Class; @ 21 c2
Event: 7.025 Thread 0x0000025a80c21030 DEOPT PACKING pc=0x0000025aeddff3ac sp=0x000000b9fa5fa520
Event: 7.025 Thread 0x0000025a80c21030 DEOPT UNPACKING pc=0x0000025aed7669a3 sp=0x000000b9fa5fa320 mode 2
Event: 7.025 Thread 0x0000025a80c21030 Uncommon trap: trap_request=0xffffff45 fr.pc=0x0000025aeddd77e4 relative=0x0000000000004c44
Event: 7.025 Thread 0x0000025a80c21030 Uncommon trap: reason=unstable_if action=reinterpret pc=0x0000025aeddd77e4 method=java.lang.ClassLoader.getClassLoadingLock(Ljava/lang/String;)Ljava/lang/Object; @ 6 c2
Event: 7.025 Thread 0x0000025a80c21030 DEOPT PACKING pc=0x0000025aeddd77e4 sp=0x000000b9fa5f8960
Event: 7.025 Thread 0x0000025a80c21030 DEOPT UNPACKING pc=0x0000025aed7669a3 sp=0x000000b9fa5f8950 mode 2
Event: 7.028 Thread 0x0000025a80c21030 Uncommon trap: trap_request=0xffffff45 fr.pc=0x0000025aedda2c0c relative=0x00000000000000ec
Event: 7.028 Thread 0x0000025a80c21030 Uncommon trap: reason=unstable_if action=reinterpret pc=0x0000025aedda2c0c method=java.lang.ClassLoader.getClassLoadingLock(Ljava/lang/String;)Ljava/lang/Object; @ 6 c2
Event: 7.028 Thread 0x0000025a80c21030 DEOPT PACKING pc=0x0000025aedda2c0c sp=0x000000b9fa5f8bf0
Event: 7.028 Thread 0x0000025a80c21030 DEOPT UNPACKING pc=0x0000025aed7669a3 sp=0x000000b9fa5f8b90 mode 2
Event: 7.028 Thread 0x0000025a80c21030 Uncommon trap: trap_request=0xffffff45 fr.pc=0x0000025aede0a214 relative=0x0000000000000754
Event: 7.028 Thread 0x0000025a80c21030 Uncommon trap: reason=unstable_if action=reinterpret pc=0x0000025aede0a214 method=java.lang.Class.getPackageName()Ljava/lang/String; @ 55 c2
Event: 7.028 Thread 0x0000025a80c21030 DEOPT PACKING pc=0x0000025aede0a214 sp=0x000000b9fa5fa0f0
Event: 7.028 Thread 0x0000025a80c21030 DEOPT UNPACKING pc=0x0000025aed7669a3 sp=0x000000b9fa5fa0b0 mode 2

Classes unloaded (0 events):
No events

Classes redefined (0 events):
No events

Internal exceptions (20 events):
Event: 6.290 Thread 0x0000025a80c21030 Exception <a 'java/lang/NoSuchMethodError'{0x00000000839f30f0}: 'int java.lang.invoke.DirectMethodHandle$Holder.invokeVirtual(java.lang.Object, java.lang.Object, java.lang.Object)'> (0x00000000839f30f0) 
thrown [s\src\hotspot\share\interpreter\linkResolver.cpp, line 771]
Event: 6.452 Thread 0x0000025a80c21030 Exception <a 'java/lang/NoSuchMethodError'{0x0000000082f43470}: 'java.lang.Object java.lang.invoke.DirectMethodHandle$Holder.invokeSpecialIFC(java.lang.Object, java.lang.Object, java.lang.Object, java.lang.Object)'> (0x0000000082f43470) 
thrown [s\src\hotspot\share\interpreter\linkResolver.cpp, line 771]
Event: 6.550 Thread 0x0000025a80c21030 Implicit null exception at 0x0000025aedcfd193 to 0x0000025aedcfd5ec
Event: 6.601 Thread 0x0000025a80c21030 Exception <a 'java/lang/NoSuchMethodError'{0x000000008d6bfde8}: 'java.lang.Object java.lang.invoke.DirectMethodHandle$Holder.invokeSpecial(java.lang.Object, java.lang.Object, java.lang.Object, java.lang.Object, java.lang.Object, java.lang.Object, java.lang.Object, java.lang.Object, java.lang.Object, java.lang.Object, java.lang.Object, java.lang.Object, java.lang.Object)'> (0x000000008d6bfde8) 
thrown [s\src\hotspot\share\interpreter\linkResolver.cpp, line 771]
Event: 6.603 Thread 0x0000025a80c21030 Exception <a 'java/lang/NoSuchMethodError'{0x000000008d6d1168}: 'java.lang.Object java.lang.invoke.DirectMethodHandle$Holder.newInvokeSpecial(java.lang.Object, java.lang.Object, java.lang.Object, java.lang.Object, java.lang.Object, java.lang.Object, java.lang.Object, java.lang.Object, java.lang.Object, java.lang.Object, java.lang.Object)'> (0x000000008d6d1168) 
thrown [s\src\hotspot\share\interpreter\linkResolver.cpp, line 771]
Event: 6.603 Thread 0x0000025a80c21030 Exception <a 'java/lang/NoSuchMethodError'{0x000000008d6d6200}: 'java.lang.Object java.lang.invoke.Invokers$Holder.linkToTargetMethod(java.lang.Object, java.lang.Object, java.lang.Object, java.lang.Object, java.lang.Object, java.lang.Object, java.lang.Object, java.lang.Object, java.lang.Object, java.lang.Object, java.lang.Object)'> (0x000000008d6d6200) 
thrown [s\src\hotspot\share\interpreter\linkResolver.cpp, line 771]
Event: 6.607 Thread 0x0000025a80c21030 Exception <a 'java/lang/NoSuchMethodError'{0x000000008d51b950}: 'java.lang.Object java.lang.invoke.DirectMethodHandle$Holder.invokeSpecial(java.lang.Object, java.lang.Object, java.lang.Object, java.lang.Object, java.lang.Object, java.lang.Object, java.lang.Object, java.lang.Object, java.lang.Object, java.lang.Object, java.lang.Object, java.lang.Object, java.lang.Object, java.lang.Object)'> (0x000000008d51b950) 
thrown [s\src\hotspot\share\interpreter\linkResolver.cpp, line 771]
Event: 6.608 Thread 0x0000025a80c21030 Exception <a 'java/lang/NoSuchMethodError'{0x000000008d52dcd0}: 'java.lang.Object java.lang.invoke.DirectMethodHandle$Holder.newInvokeSpecial(java.lang.Object, java.lang.Object, java.lang.Object, java.lang.Object, java.lang.Object, java.lang.Object, java.lang.Object, java.lang.Object, java.lang.Object, java.lang.Object, java.lang.Object, java.lang.Object)'> (0x000000008d52dcd0) 
thrown [s\src\hotspot\share\interpreter\linkResolver.cpp, line 771]
Event: 6.608 Thread 0x0000025a80c21030 Exception <a 'java/lang/NoSuchMethodError'{0x000000008d533668}: 'java.lang.Object java.lang.invoke.Invokers$Holder.linkToTargetMethod(java.lang.Object, java.lang.Object, java.lang.Object, java.lang.Object, java.lang.Object, java.lang.Object, java.lang.Object, java.lang.Object, java.lang.Object, java.lang.Object, java.lang.Object, java.lang.Object)'> (0x000000008d533668) 
thrown [s\src\hotspot\share\interpreter\linkResolver.cpp, line 771]
Event: 6.619 Thread 0x0000025a80c21030 Exception <a 'java/lang/NoSuchMethodError'{0x000000008d5d62c0}: 'java.lang.Object java.lang.invoke.DirectMethodHandle$Holder.invokeStaticInit(java.lang.Object, java.lang.Object, java.lang.Object, java.lang.Object)'> (0x000000008d5d62c0) 
thrown [s\src\hotspot\share\interpreter\linkResolver.cpp, line 771]
Event: 6.756 Thread 0x0000025a80c21030 Exception <a 'java/lang/NoSuchMethodError'{0x00000000837ed7b8}: 'java.lang.Object java.lang.invoke.DirectMethodHandle$Holder.newInvokeSpecial(java.lang.Object, java.lang.Object, java.lang.Object, java.lang.Object, java.lang.Object, java.lang.Object, java.lang.Object, java.lang.Object)'> (0x00000000837ed7b8) 
thrown [s\src\hotspot\share\interpreter\linkResolver.cpp, line 771]
Event: 6.756 Thread 0x0000025a80c21030 Exception <a 'java/lang/NoSuchMethodError'{0x00000000837f3598}: 'java.lang.Object java.lang.invoke.Invokers$Holder.linkToTargetMethod(java.lang.Object, java.lang.Object, java.lang.Object, java.lang.Object, java.lang.Object, java.lang.Object, java.lang.Object, java.lang.Object)'> (0x00000000837f3598) 
thrown [s\src\hotspot\share\interpreter\linkResolver.cpp, line 771]
Event: 6.765 Thread 0x0000025a80c21030 Exception <a 'java/lang/IncompatibleClassChangeError'{0x0000000083655b20}: Found class java.lang.Object, but interface was expected> (0x0000000083655b20) 
thrown [s\src\hotspot\share\interpreter\linkResolver.cpp, line 838]
Event: 6.899 Thread 0x0000025a80c21030 Exception <a 'java/lang/NoSuchMethodError'{0x000000008308ed18}: 'int java.lang.invoke.DirectMethodHandle$Holder.invokeStaticInit(java.lang.Object, java.lang.Object, java.lang.Object)'> (0x000000008308ed18) 
thrown [s\src\hotspot\share\interpreter\linkResolver.cpp, line 771]
Event: 6.904 Thread 0x0000025a80c21030 Exception <a 'java/lang/NoSuchMethodError'{0x00000000830a3d50}: 'java.lang.Object java.lang.invoke.DirectMethodHandle$Holder.newInvokeSpecial(java.lang.Object, java.lang.Object, long)'> (0x00000000830a3d50) 
thrown [s\src\hotspot\share\interpreter\linkResolver.cpp, line 771]
Event: 6.905 Thread 0x0000025a80c21030 Exception <a 'java/lang/NoSuchMethodError'{0x00000000830a8360}: 'java.lang.Object java.lang.invoke.Invokers$Holder.linkToTargetMethod(java.lang.Object, long, java.lang.Object)'> (0x00000000830a8360) 
thrown [s\src\hotspot\share\interpreter\linkResolver.cpp, line 771]
Event: 6.942 Thread 0x0000025a80c21030 Exception <a 'java/lang/NoSuchMethodError'{0x0000000082fa5030}: 'int java.lang.invoke.DirectMethodHandle$Holder.invokeInterface(java.lang.Object, java.lang.Object)'> (0x0000000082fa5030) 
thrown [s\src\hotspot\share\interpreter\linkResolver.cpp, line 771]
Event: 6.947 Thread 0x0000025a80c21030 Exception <a 'java/lang/NoSuchMethodError'{0x0000000082fc8f20}: 'java.lang.Object java.lang.invoke.DirectMethodHandle$Holder.invokeStatic(java.lang.Object, java.lang.Object, int, java.lang.Object)'> (0x0000000082fc8f20) 
thrown [s\src\hotspot\share\interpreter\linkResolver.cpp, line 771]
Event: 6.948 Thread 0x0000025a80c21030 Exception <a 'java/lang/NoSuchMethodError'{0x0000000082fd0ad8}: 'java.lang.Object java.lang.invoke.DirectMethodHandle$Holder.newInvokeSpecial(java.lang.Object, java.lang.Object, int, java.lang.Object)'> (0x0000000082fd0ad8) 
thrown [s\src\hotspot\share\interpreter\linkResolver.cpp, line 771]
Event: 6.949 Thread 0x0000025a80c21030 Exception <a 'java/lang/NoSuchMethodError'{0x0000000082fd53c0}: 'java.lang.Object java.lang.invoke.DirectMethodHandle$Holder.invokeSpecial(java.lang.Object, java.lang.Object, java.lang.Object, int, java.lang.Object)'> (0x0000000082fd53c0) 
thrown [s\src\hotspot\share\interpreter\linkResolver.cpp, line 771]

VM Operations (20 events):
Event: 2.746 Executing VM operation: HandshakeAllThreads
Event: 2.746 Executing VM operation: HandshakeAllThreads done
Event: 2.746 Executing VM operation: HandshakeAllThreads
Event: 2.746 Executing VM operation: HandshakeAllThreads done
Event: 3.417 Executing VM operation: G1CollectForAllocation
Event: 3.425 Executing VM operation: G1CollectForAllocation done
Event: 4.427 Executing VM operation: Cleanup
Event: 4.428 Executing VM operation: Cleanup done
Event: 6.442 Executing VM operation: Cleanup
Event: 6.443 Executing VM operation: Cleanup done
Event: 6.553 Executing VM operation: HandshakeAllThreads
Event: 6.553 Executing VM operation: HandshakeAllThreads done
Event: 6.561 Executing VM operation: G1CollectForAllocation
Event: 6.565 Executing VM operation: G1CollectForAllocation done
Event: 6.749 Executing VM operation: HandshakeAllThreads
Event: 6.749 Executing VM operation: HandshakeAllThreads done
Event: 6.973 Executing VM operation: HandshakeAllThreads
Event: 6.973 Executing VM operation: HandshakeAllThreads done
Event: 7.025 Executing VM operation: HandshakeAllThreads
Event: 7.025 Executing VM operation: HandshakeAllThreads done

Events (20 events):
Event: 6.882 loading class java/lang/ProcessBuilder
Event: 6.882 loading class java/lang/ProcessBuilder done
Event: 6.921 loading class java/nio/file/FileTreeWalker
Event: 6.922 loading class java/nio/file/FileTreeWalker done
Event: 6.922 loading class java/nio/file/FileTreeWalker$DirectoryNode
Event: 6.922 loading class java/nio/file/FileTreeWalker$DirectoryNode done
Event: 6.922 loading class java/nio/file/FileTreeWalker$Event
Event: 6.922 loading class java/nio/file/FileTreeWalker$Event done
Event: 6.922 loading class java/nio/file/FileTreeWalker$EventType
Event: 6.922 loading class java/nio/file/FileTreeWalker$EventType done
Event: 6.922 loading class java/nio/file/Files$3
Event: 6.923 loading class java/nio/file/Files$3 done
Event: 6.924 loading class java/nio/file/FileVisitResult
Event: 6.925 loading class java/nio/file/FileVisitResult done
Event: 6.950 Thread 0x0000025a8020c0f0 Thread added: 0x0000025a8020c0f0
Event: 6.952 loading class sun/nio/fs/WindowsPath$1
Event: 6.952 loading class sun/nio/fs/WindowsPath$1 done
Event: 6.989 loading class java/nio/charset/CharacterCodingException
Event: 6.990 loading class java/nio/charset/CharacterCodingException done
Event: 7.012 Thread 0x0000025a802048a0 Thread added: 0x0000025a802048a0


Dynamic libraries:
0x00007ff7167b0000 - 0x00007ff7167ba000 	C:\Program Files\Android\Android Studio\jbr\bin\java.exe
0x00007ff8fc8b0000 - 0x00007ff8fcaa8000 	C:\Windows\SYSTEM32\ntdll.dll
0x00007ff8fc140000 - 0x00007ff8fc1fd000 	C:\Windows\System32\KERNEL32.DLL
0x00007ff8fa070000 - 0x00007ff8fa366000 	C:\Windows\System32\KERNELBASE.dll
0x00007ff8fa420000 - 0x00007ff8fa520000 	C:\Windows\System32\ucrtbase.dll
0x00007ff8f5a10000 - 0x00007ff8f5a27000 	C:\Program Files\Android\Android Studio\jbr\bin\jli.dll
0x00007ff8e9dc0000 - 0x00007ff8e9ddb000 	C:\Program Files\Android\Android Studio\jbr\bin\VCRUNTIME140.dll
0x00007ff8fae70000 - 0x00007ff8fb00e000 	C:\Windows\System32\USER32.dll
0x00007ff8ee550000 - 0x00007ff8ee7ea000 	C:\Windows\WinSxS\amd64_microsoft.windows.common-controls_6595b64144ccf1df_6.0.19041.1110_none_60b5254171f9507e\COMCTL32.dll
0x00007ff8fa8e0000 - 0x00007ff8fa902000 	C:\Windows\System32\win32u.dll
0x00007ff8fb130000 - 0x00007ff8fb1ce000 	C:\Windows\System32\msvcrt.dll
0x00007ff8fac20000 - 0x00007ff8fac4c000 	C:\Windows\System32\GDI32.dll
0x00007ff8fa7c0000 - 0x00007ff8fa8da000 	C:\Windows\System32\gdi32full.dll
0x00007ff8fa520000 - 0x00007ff8fa5bd000 	C:\Windows\System32\msvcp_win.dll
0x00007ff8fb910000 - 0x00007ff8fb940000 	C:\Windows\System32\IMM32.DLL
0x00007ff8f5a00000 - 0x00007ff8f5a0c000 	C:\Program Files\Android\Android Studio\jbr\bin\vcruntime140_1.dll
0x00007ff8e4c90000 - 0x00007ff8e4d1d000 	C:\Program Files\Android\Android Studio\jbr\bin\msvcp140.dll
0x00007ff8bef30000 - 0x00007ff8bfb9d000 	C:\Program Files\Android\Android Studio\jbr\bin\server\jvm.dll
0x00007ff8fb630000 - 0x00007ff8fb6de000 	C:\Windows\System32\ADVAPI32.dll
0x00007ff8fb810000 - 0x00007ff8fb8ac000 	C:\Windows\System32\sechost.dll
0x00007ff8fb6e0000 - 0x00007ff8fb806000 	C:\Windows\System32\RPCRT4.dll
0x00007ff8ebb50000 - 0x00007ff8ebb77000 	C:\Windows\SYSTEM32\WINMM.dll
0x00007ff8ec350000 - 0x00007ff8ec359000 	C:\Windows\SYSTEM32\WSOCK32.dll
0x00007ff8f5040000 - 0x00007ff8f504a000 	C:\Windows\SYSTEM32\VERSION.dll
0x00007ff8fc2b0000 - 0x00007ff8fc31b000 	C:\Windows\System32\WS2_32.dll
0x00007ff8f7de0000 - 0x00007ff8f7df2000 	C:\Windows\SYSTEM32\kernel.appcore.dll
0x00007ff8f77d0000 - 0x00007ff8f77da000 	C:\Program Files\Android\Android Studio\jbr\bin\jimage.dll
0x00007ff8ec3d0000 - 0x00007ff8ec5b4000 	C:\Windows\SYSTEM32\DBGHELP.DLL
0x00007ff8ec360000 - 0x00007ff8ec394000 	C:\Windows\SYSTEM32\dbgcore.DLL
0x00007ff8f9fe0000 - 0x00007ff8fa062000 	C:\Windows\System32\bcryptPrimitives.dll
0x00007ff8f5940000 - 0x00007ff8f5965000 	C:\Program Files\Android\Android Studio\jbr\bin\java.dll
0x00007ff8ed950000 - 0x00007ff8ed968000 	C:\Program Files\Android\Android Studio\jbr\bin\zip.dll
0x00007ff8fb940000 - 0x00007ff8fc085000 	C:\Windows\System32\SHELL32.dll
0x00007ff8f7fe0000 - 0x00007ff8f877b000 	C:\Windows\SYSTEM32\windows.storage.dll
0x00007ff8fb2d0000 - 0x00007ff8fb624000 	C:\Windows\System32\combase.dll
0x00007ff8f99d0000 - 0x00007ff8f99fe000 	C:\Windows\SYSTEM32\Wldp.dll
0x00007ff8fc200000 - 0x00007ff8fc2ad000 	C:\Windows\System32\SHCORE.dll
0x00007ff8fb8b0000 - 0x00007ff8fb905000 	C:\Windows\System32\shlwapi.dll
0x00007ff8f9ec0000 - 0x00007ff8f9ee5000 	C:\Windows\SYSTEM32\profapi.dll
0x00007ff8ed910000 - 0x00007ff8ed929000 	C:\Program Files\Android\Android Studio\jbr\bin\net.dll
0x00007ff8f1290000 - 0x00007ff8f139a000 	C:\Windows\SYSTEM32\WINHTTP.dll
0x00007ff8f9730000 - 0x00007ff8f979a000 	C:\Windows\system32\mswsock.dll
0x00007ff8ec610000 - 0x00007ff8ec626000 	C:\Program Files\Android\Android Studio\jbr\bin\nio.dll
0x00007ff8f5480000 - 0x00007ff8f5490000 	C:\Program Files\Android\Android Studio\jbr\bin\verify.dll
0x00007ff8e1350000 - 0x00007ff8e1377000 	C:\Users\user\.gradle\native\68d5fa5c4cc2d200863cafc0d521ce42e7d3e7ee720ec0a83991735586a16f82\windows-amd64\native-platform.dll
0x00007ff8c2ee0000 - 0x00007ff8c3024000 	C:\Users\user\.gradle\native\e376f236ea51e6404a007f0833ffe2c6e607c4080706a723a18a27aeea778392\windows-amd64\native-platform-file-events.dll
0x00007ff8f77c0000 - 0x00007ff8f77c9000 	C:\Program Files\Android\Android Studio\jbr\bin\management.dll
0x00007ff8f7490000 - 0x00007ff8f749b000 	C:\Program Files\Android\Android Studio\jbr\bin\management_ext.dll
0x00007ff8fad90000 - 0x00007ff8fad98000 	C:\Windows\System32\PSAPI.DLL
0x00007ff8f9920000 - 0x00007ff8f9938000 	C:\Windows\SYSTEM32\CRYPTSP.dll
0x00007ff8f8fa0000 - 0x00007ff8f8fd4000 	C:\Windows\system32\rsaenh.dll
0x00007ff8fa790000 - 0x00007ff8fa7b7000 	C:\Windows\System32\bcrypt.dll
0x00007ff8f9e40000 - 0x00007ff8f9e6e000 	C:\Windows\SYSTEM32\USERENV.dll
0x00007ff8f9940000 - 0x00007ff8f994c000 	C:\Windows\SYSTEM32\CRYPTBASE.dll
0x00007ff8f93b0000 - 0x00007ff8f93eb000 	C:\Windows\SYSTEM32\IPHLPAPI.DLL
0x00007ff8fad80000 - 0x00007ff8fad88000 	C:\Windows\System32\NSI.dll
0x00007ff8f2910000 - 0x00007ff8f2927000 	C:\Windows\SYSTEM32\dhcpcsvc6.DLL
0x00007ff8f3130000 - 0x00007ff8f314d000 	C:\Windows\SYSTEM32\dhcpcsvc.DLL
0x00007ff8f93f0000 - 0x00007ff8f94ba000 	C:\Windows\SYSTEM32\DNSAPI.dll
0x00007ff8ee330000 - 0x00007ff8ee337000 	C:\Windows\system32\wshunix.dll

dbghelp: loaded successfully - version: 4.0.5 - missing functions: none
symbol engine: initialized successfully - sym options: 0x614 - pdb path: .;C:\Program Files\Android\Android Studio\jbr\bin;C:\Windows\SYSTEM32;C:\Windows\WinSxS\amd64_microsoft.windows.common-controls_6595b64144ccf1df_6.0.19041.1110_none_60b5254171f9507e;C:\Program Files\Android\Android Studio\jbr\bin\server;C:\Users\user\.gradle\native\68d5fa5c4cc2d200863cafc0d521ce42e7d3e7ee720ec0a83991735586a16f82\windows-amd64;C:\Users\user\.gradle\native\e376f236ea51e6404a007f0833ffe2c6e607c4080706a723a18a27aeea778392\windows-amd64

VM Arguments:
jvm_args: --add-opens=java.base/java.util=ALL-UNNAMED --add-opens=java.base/java.lang=ALL-UNNAMED --add-opens=java.base/java.lang.invoke=ALL-UNNAMED --add-opens=java.prefs/java.util.prefs=ALL-UNNAMED --add-opens=java.base/java.nio.charset=ALL-UNNAMED --add-opens=java.base/java.net=ALL-UNNAMED --add-opens=java.base/java.util.concurrent.atomic=ALL-UNNAMED -Xmx2048m -Dfile.encoding=UTF-8 -Duser.country=UA -Duser.language=uk -Duser.variant 
java_command: org.gradle.launcher.daemon.bootstrap.GradleDaemon 8.0
java_class_path (initial): C:\Users\user\.gradle\wrapper\dists\gradle-8.0-bin\ca5e32bp14vu59qr306oxotwh\gradle-8.0\lib\gradle-launcher-8.0.jar
Launcher Type: SUN_STANDARD

[Global flags]
     intx CICompilerCount                          = 4                                         {product} {ergonomic}
     uint ConcGCThreads                            = 2                                         {product} {ergonomic}
     uint G1ConcRefinementThreads                  = 8                                         {product} {ergonomic}
   size_t G1HeapRegionSize                         = 1048576                                   {product} {ergonomic}
    uintx GCDrainStackTargetSize                   = 64                                        {product} {ergonomic}
   size_t InitialHeapSize                          = 268435456                                 {product} {ergonomic}
   size_t MarkStackSize                            = 4194304                                   {product} {ergonomic}
   size_t MaxHeapSize                              = 2147483648                                {product} {command line}
   size_t MaxNewSize                               = 1287651328                                {product} {ergonomic}
   size_t MinHeapDeltaBytes                        = 1048576                                   {product} {ergonomic}
   size_t MinHeapSize                              = 8388608                                   {product} {ergonomic}
    uintx NonNMethodCodeHeapSize                   = 5839372                                {pd product} {ergonomic}
    uintx NonProfiledCodeHeapSize                  = 122909434                              {pd product} {ergonomic}
    uintx ProfiledCodeHeapSize                     = 122909434                              {pd product} {ergonomic}
    uintx ReservedCodeCacheSize                    = 251658240                              {pd product} {ergonomic}
     bool SegmentedCodeCache                       = true                                      {product} {ergonomic}
   size_t SoftMaxHeapSize                          = 2147483648                             {manageable} {ergonomic}
     bool UseCompressedClassPointers               = true                           {product lp64_product} {ergonomic}
     bool UseCompressedOops                        = true                           {product lp64_product} {ergonomic}
     bool UseG1GC                                  = true                                      {product} {ergonomic}
     bool UseLargePagesIndividualAllocation        = false                                  {pd product} {ergonomic}

Logging:
Log output configuration:
 #0: stdout all=warning uptime,level,tags
 #1: stderr all=off uptime,level,tags

Environment Variables:
PATH=C:\Windows\system32;C:\Windows;C:\Windows\System32\Wbem;C:\Windows\System32\WindowsPowerShell\v1.0\;C:\Windows\System32\OpenSSH\;C:\Program Files\Microsoft SQL Server\150\Tools\Binn\;C:\Program Files\Microsoft SQL Server\Client SDK\ODBC\170\Tools\Binn\;C:\Program Files\dotnet\;C:\Program Files (x86)\Microsoft SQL Server\160\Tools\Binn\;C:\Program Files\Microsoft SQL Server\160\Tools\Binn\;C:\Program Files\Microsoft SQL Server\160\DTS\Binn\;C:\Program Files (x86)\Microsoft SQL Server\160\DTS\Binn\;C:\Program Files\Azure Data Studio\bin;C:\Program Files\Git\cmd;C:\Program Files\Git\bin;C:\Users\user\AppData\Local\Microsoft\WindowsApps;C:\Program Files\Azure Data Studio\bin;C:\Users\user\.dotnet\tools
USERNAME=user
OS=Windows_NT
PROCESSOR_IDENTIFIER=Intel64 Family 6 Model 142 Stepping 10, GenuineIntel
TMP=C:\Users\user\AppData\Local\Temp
TEMP=C:\Users\user\AppData\Local\Temp



---------------  S Y S T E M  ---------------

OS:
 Windows 10 , 64 bit Build 19041 (10.0.19041.3393)
OS uptime: 8 days 11:05 hours
Hyper-V role detected

CPU: total 8 (initial active 8) (4 cores per cpu, 2 threads per core) family 6 model 142 stepping 10 microcode 0xb4, cx8, cmov, fxsr, ht, mmx, 3dnowpref, sse, sse2, sse3, ssse3, sse4.1, sse4.2, popcnt, lzcnt, tsc, tscinvbit, avx, avx2, aes, erms, clmul, bmi1, bmi2, adx, fma, vzeroupper, clflush, clflushopt, hv

Memory: 4k page, system-wide physical 16280M (2135M free)
TotalPageFile size 46790M (AvailPageFile size 5M)
current process WorkingSet (physical memory assigned to process): 191M, peak: 197M
current process commit charge ("private bytes"): 237M, peak: 400M

vm_info: OpenJDK 64-Bit Server VM (17.0.6+0-b2043.56-9586694) for windows-amd64 JRE (17.0.6+0-b2043.56-9586694), built on Feb  9 2023 20:06:20 by "androidbuild" with MS VC++ 16.10 / 16.11 (VS2019)

END.
